0 info it worked if it ends with ok
1 verbose cli [ '/usr/local/node-v6.10.1-linux-x64/bin/node',
1 verbose cli   '/usr/local/node-v6.10.1-linux-x64/bin/npm',
1 verbose cli   'run',
1 verbose cli   'build-css' ]
2 info using npm@3.10.10
3 info using node@v6.10.1
4 verbose run-script [ 'prebuild-css', 'build-css', 'postbuild-css' ]
5 info lifecycle simple-angular-template@1.0.0~prebuild-css: simple-angular-template@1.0.0
6 silly lifecycle simple-angular-template@1.0.0~prebuild-css: no script for prebuild-css, continuing
7 info lifecycle simple-angular-template@1.0.0~build-css: simple-angular-template@1.0.0
8 verbose lifecycle simple-angular-template@1.0.0~build-css: unsafe-perm in lifecycle true
9 verbose lifecycle simple-angular-template@1.0.0~build-css: PATH: /usr/local/node-v6.10.1-linux-x64/lib/node_modules/npm/bin/node-gyp-bin:/home/criiss02/Escritorio/TallerBasedeDatos1-2017-Grupo5-Tareas-master/node_modules/.bin:/usr/local/node-v6.10.1-linux-x64/lib/node_modules/npm/bin/node-gyp-bin:/home/criiss02/Escritorio/TallerBasedeDatos1-2017-Grupo5-Tareas-master/node_modules/.bin:/usr/local/node-v6.10.1-linux-x64/lib/node_modules/npm/bin/node-gyp-bin:/home/criiss02/Escritorio/TallerBasedeDatos1-2017-Grupo5-Tareas-master/node_modules/.bin:/usr/local/node-v6.10.1-linux-x64/bin:/usr/local/gradle/bin:/usr/local/glassfish4/glassfish/bin:/usr/local/node-v6.10.1-linux-x64/bin:/usr/local/gradle/bin:/usr/local/glassfish4/glassfish/bin:/home/criiss02/bin:/home/criiss02/.local/bin:/usr/local/sbin:/usr/local/bin:/usr/sbin:/usr/bin:/sbin:/bin:/usr/games:/usr/local/games:/snap/bin:/usr/lib/jvm/java-8-oracle/bin:/usr/lib/jvm/java-8-oracle/db/bin:/usr/lib/jvm/java-8-oracle/jre/bin
10 verbose lifecycle simple-angular-template@1.0.0~build-css: CWD: /home/criiss02/Escritorio/TallerBasedeDatos1-2017-Grupo5-Tareas-master
11 silly lifecycle simple-angular-template@1.0.0~build-css: Args: [ '-c',
11 silly lifecycle   'node-sass --include-path scss ./styles/main.scss   ./styles/main.css' ]
12 silly lifecycle simple-angular-template@1.0.0~build-css: Returned: code: 1  signal: null
13 info lifecycle simple-angular-template@1.0.0~build-css: Failed to exec build-css script
14 verbose stack Error: simple-angular-template@1.0.0 build-css: `node-sass --include-path scss ./styles/main.scss   ./styles/main.css`
14 verbose stack Exit status 1
14 verbose stack     at EventEmitter.<anonymous> (/usr/local/node-v6.10.1-linux-x64/lib/node_modules/npm/lib/utils/lifecycle.js:255:16)
14 verbose stack     at emitTwo (events.js:106:13)
14 verbose stack     at EventEmitter.emit (events.js:191:7)
14 verbose stack     at ChildProcess.<anonymous> (/usr/local/node-v6.10.1-linux-x64/lib/node_modules/npm/lib/utils/spawn.js:40:14)
14 verbose stack     at emitTwo (events.js:106:13)
14 verbose stack     at ChildProcess.emit (events.js:191:7)
14 verbose stack     at maybeClose (internal/child_process.js:886:16)
14 verbose stack     at Process.ChildProcess._handle.onexit (internal/child_process.js:226:5)
15 verbose pkgid simple-angular-template@1.0.0
16 verbose cwd /home/criiss02/Escritorio/TallerBasedeDatos1-2017-Grupo5-Tareas-master
17 error Linux 4.8.0-36-generic
18 error argv "/usr/local/node-v6.10.1-linux-x64/bin/node" "/usr/local/node-v6.10.1-linux-x64/bin/npm" "run" "build-css"
19 error node v6.10.1
20 error npm  v3.10.10
21 error code ELIFECYCLE
22 error simple-angular-template@1.0.0 build-css: `node-sass --include-path scss ./styles/main.scss   ./styles/main.css`
22 error Exit status 1
23 error Failed at the simple-angular-template@1.0.0 build-css script 'node-sass --include-path scss ./styles/main.scss   ./styles/main.css'.
23 error Make sure you have the latest version of node.js and npm installed.
23 error If you do, this is most likely a problem with the simple-angular-template package,
23 error not with npm itself.
23 error Tell the author that this fails on your system:
23 error     node-sass --include-path scss ./styles/main.scss   ./styles/main.css
23 error You can get information on how to open an issue for this project with:
23 error     npm bugs simple-angular-template
23 error Or if that isn't available, you can get their info via:
23 error     npm owner ls simple-angular-template
23 error There is likely additional logging output above.
24 verbose exit [ 1, true ]
